<?xml version="1.0" encoding="UTF-8"?>
<!-- Generated by org.testng.reporters.JUnitXMLReporter -->
<testsuite ignored="2" hostname="ANAKHA" failures="0" tests="1" name="Test" time="4.886" errors="0" timestamp="2025-02-18T20:48:53 IST">
  <testcase classname="testscript.ManageNewsTest" name="VerifywhetherTheAdminIsAbleToDeleteTheNews" time="2.306"/>
  <testcase classname="testscript.ManageNewsTest" name="VerifywhetherTheAdminIsAbleToEditTheNews" time="0.0">
    <ignored/>
  </testcase> <!-- VerifywhetherTheAdminIsAbleToEditTheNews -->
  <testcase classname="testscript.ManageNewsTest" name="VerifywhetherTheAdminIsAbleToAddANewNews" time="0.0">
    <ignored/>
  </testcase> <!-- VerifywhetherTheAdminIsAbleToAddANewNews -->
</testsuite> <!-- Test -->
