<?xml version="1.0" encoding="UTF-8"?>
<testng-results ignored="0" total="1" passed="1" failed="0" skipped="0">
  <reporter-output>
  </reporter-output>
  <suite started-at="2025-02-18T20:48:47 IST" name="Suite" finished-at="2025-02-18T20:48:52 IST" duration-ms="4886">
    <groups>
    </groups>
    <test started-at="2025-02-18T20:48:47 IST" name="Test" finished-at="2025-02-18T20:48:52 IST" duration-ms="4886">
      <class name="testscript.ManageNewsTest">
        <test-method is-config="true" signature="initialiseBrowser(java.lang.String)[pri:0, instance:testscript.ManageNewsTest@7139992f]" started-at="2025-02-18T20:48:47 IST" name="initialiseBrowser" finished-at="2025-02-18T20:48:50 IST" duration-ms="2330" status="PASS">
          <params>
            <param index="0">
              <value>
                <![CDATA[chrome]]>
              </value>
            </param>
          </params>
          <reporter-output>
          </reporter-output>
        </test-method> <!-- initialiseBrowser -->
        <test-method signature="VerifywhetherTheAdminIsAbleToDeleteTheNews()[pri:0, instance:testscript.ManageNewsTest@7139992f]" started-at="2025-02-18T20:48:50 IST" name="VerifywhetherTheAdminIsAbleToDeleteTheNews" description="Check whether an admin is able to delete the &#039;News&#039; from the &#039;ManageNews&#039; webpage." finished-at="2025-02-18T20:48:52 IST" duration-ms="2306" status="PASS">
          <reporter-output>
          </reporter-output>
        </test-method> <!-- VerifywhetherTheAdminIsAbleToDeleteTheNews -->
        <test-method is-config="true" signature="browserQuit(org.testng.ITestResult)[pri:0, instance:testscript.ManageNewsTest@7139992f]" started-at="2025-02-18T20:48:52 IST" name="browserQuit" finished-at="2025-02-18T20:48:52 IST" duration-ms="224" status="PASS">
          <params>
            <param index="0">
              <value>
                <![CDATA[[TestResult name=VerifywhetherTheAdminIsAbleToDeleteTheNews status=SUCCESS method=ManageNewsTest.VerifywhetherTheAdminIsAbleToDeleteTheNews()[pri:0, instance:testscript.ManageNewsTest@7139992f] output={null}]]]>
              </value>
            </param>
          </params>
          <reporter-output>
          </reporter-output>
        </test-method> <!-- browserQuit -->
      </class> <!-- testscript.ManageNewsTest -->
    </test> <!-- Test -->
  </suite> <!-- Suite -->
</testng-results>
