<?xml version="1.0" encoding="UTF-8"?>
<!-- Generated by org.testng.reporters.JUnitXMLReporter -->
<testsuite ignored="3" hostname="ANAKHA" failures="0" tests="2" name="chrometest" time="9.49" errors="0" timestamp="2025-02-07T02:05:31 IST">
  <testcase classname="testscript.AdminUserTest" name="VerifywhetherTheAdminIsAbleToAddANewAdminUser" time="3.52"/>
  <testcase classname="testscript.LoginTest" name="verifyUserLoginWithValidUserNameAndInvalidPassword" time="0.56"/>
  <testcase classname="testscript.LoginTest" name="verifyUserLoginWithInvalidUserNameAndValidPassword" time="0.0">
    <ignored/>
  </testcase> <!-- verifyUserLoginWithInvalidUserNameAndValidPassword -->
  <testcase classname="testscript.LoginTest" name="verifyUserLoginWithValidUserNameAndValidPassword" time="0.0">
    <ignored/>
  </testcase> <!-- verifyUserLoginWithValidUserNameAndValidPassword -->
  <testcase classname="testscript.LoginTest" name="verifyUserLoginWithInvalidUserNameAndInvalidPassword" time="0.0">
    <ignored/>
  </testcase> <!-- verifyUserLoginWithInvalidUserNameAndInvalidPassword -->
</testsuite> <!-- chrometest -->
