<?xml version="1.0" encoding="UTF-8"?>
<!-- Generated by org.testng.reporters.JUnitXMLReporter -->
<testsuite ignored="3" hostname="ANAKHA" failures="0" tests="1" name="edgetest" time="5.409" errors="0" timestamp="2025-02-07T01:59:03 IST">
  <testcase classname="testscript.LoginTest" name="verifyUserLoginWithInvalidUserNameAndInvalidPassword" time="1.529"/>
  <testcase classname="testscript.LoginTest" name="verifyUserLoginWithValidUserNameAndInvalidPassword" time="0.0">
    <ignored/>
  </testcase> <!-- verifyUserLoginWithValidUserNameAndInvalidPassword -->
  <testcase classname="testscript.LoginTest" name="verifyUserLoginWithValidUserNameAndValidPassword" time="0.0">
    <ignored/>
  </testcase> <!-- verifyUserLoginWithValidUserNameAndValidPassword -->
  <testcase classname="testscript.LoginTest" name="verifyUserLoginWithInvalidUserNameAndValidPassword" time="0.0">
    <ignored/>
  </testcase> <!-- verifyUserLoginWithInvalidUserNameAndValidPassword -->
</testsuite> <!-- edgetest -->
